psbA	283	1341	-	Photosynthesis	Photosystem II
matK	1930	3441	-	Hypothetical or Uncharacterized	.
trnK-UUU	4179	4215	-	unknown	.
rps16	5041	5253	-	Translation	SSU ribosomal proteins
trnQ-UUG	7158	7229	-	unknown	.
psbK	7591	7767	-	Photosynthesis	Photosystem II
psbI	8135	8266	-	Photosynthesis	Photosystem II
trnS-GCU	8421	8508	-	unknown	.
trnC-GCA	9318	9398	-	unknown	.
petN	9948	10040	-	Energy Metabolism	Cytochrome b/F
psbM	10552	10653	-	Photosynthesis	Photosystem II
trnD-GUC	11255	11328	-	unknown	.
trnY-GUA	11447	11530	-	unknown	.
trnE-UUC	11653	11723	-	unknown	.
rpoB	12747	15938	-	Transcription	RNA polymerase
rpoC1	15947	16414	-	Transcription	RNA polymerase
rpoC1	17130	18728	-	Transcription	RNA polymerase
rpoC2	18889	23028	-	Transcription	RNA polymerase
rps2	23263	23970	-	Translation	SSU ribosomal proteins
atpI	24212	24952	-	Energy Metabolism	ATP synthase
atpH	26099	26341	-	Energy Metabolism	ATP synthase
atpF	26726	26884	-	Energy Metabolism	ATP synthase
atpF	27522	27989	-	Energy Metabolism	ATP synthase
atpA	28057	29577	-	Energy Metabolism	ATP synthase
trnR-UCU	29711	29782	-	unknown	.
psbD	32244	33302	-	Photosynthesis	Photosystem II
psbC	33214	34671	-	Photosynthesis	Photosystem II
trnS-UGA	34905	34987	-	unknown	.
psbZ	35324	35509	-	Photosynthesis	Photosystem II
trnG-UCC	35823	35893	-	unknown	.
trnfM-CAU	36159	36232	-	unknown	.
rps14	36390	36689	-	Translation	SSU ribosomal proteins
psaB	36826	39027	-	Photosynthesis	Photosystem I
psaA	39056	41305	-	Photosynthesis	Photosystem I
ycf3	42099	42248	-	Conserved Hypothetical Plastid	Conserved proteins
ycf3	42988	43215	-	Conserved Hypothetical Plastid	Conserved proteins
ycf3	43906	44031	-	Conserved Hypothetical Plastid	Conserved proteins
trnS-GGA	44887	44972	-	unknown	.
rps4	45288	45890	-	Translation	SSU ribosomal proteins
trnT-UGU	46280	46352	-	unknown	.
trnL-UAA	46987	47023	-	unknown	.
trnL-UAA	47452	47501	-	unknown	.
trnF-GAA	47870	47939	-	unknown	.
ndhJ	48578	49051	-	Energy Metabolism	NADH oxidoreductase
ndhK	49156	49860	-	Energy Metabolism	NADH oxidoreductase
ndhK	49841	50002	-	Energy Metabolism	NADH oxidoreductase
ndhC	49885	50244	-	Energy Metabolism	NADH oxidoreductase
trnV-UAC	50992	51028	-	unknown	.
trnV-UAC	51602	51639	-	unknown	.
trnM-CAU	51814	51886	-	unknown	.
trnT-GGU	51820	51878	-	unknown	.
atpE	52139	52537	-	Energy Metabolism	ATP synthase
atpB	52537	54000	-	Energy Metabolism	ATP synthase
rbcL	54720	56144	-	Photosynthesis	Rubisco large subunit
accD	56699	58177	-	Fatty Acid Metabolism	.
psaI	59014	59121	-	Photosynthesis	Photosystem I
ycf4	59495	60046	-	Conserved Hypothetical Plastid	Conserved proteins
cemA	60938	61624	-	Transporters	.
petA	61871	62830	-	Energy Metabolism	Cytochrome b/F
psbJ	63563	63682	-	Photosynthesis	Photosystem II
psbL	63822	63935	-	Photosynthesis	Photosystem II
psbF	63961	64077	-	Photosynthesis	Photosystem II
psbE	64090	64338	-	Photosynthesis	Photosystem II
petL	65595	65687	-	Energy Metabolism	Cytochrome b/F
petG	65836	65946	-	Energy Metabolism	Cytochrome b/F
trnW-CCA	66067	66140	-	unknown	.
trnP-UGG	66307	66380	-	unknown	.
trnP-GGG	66309	66379	-	unknown	.
psaJ	66680	66811	-	Photosynthesis	Photosystem I
rpl33	67219	67416	-	Translation	LSU ribosomal proteins
rps18	67616	67918	-	Translation	SSU ribosomal proteins
rpl20	68184	68558	-	Translation	LSU ribosomal proteins
rps12	69298	69411	-	Translation	SSU ribosomal proteins
clpP	69609	69866	-	Cellular Processes	.
clpP	70449	70739	-	Cellular Processes	.
clpP	71554	71622	-	Cellular Processes	.
psbB	72161	73678	-	Photosynthesis	Photosystem II
psbT	73872	73985	-	Photosynthesis	Photosystem II
psbN	74059	74187	-	Photosynthesis	Photosystem II
psbH	74272	74508	-	Photosynthesis	Photosystem II
petB	75435	76079	-	Energy Metabolism	Cytochrome b/F
petD	77057	77626	-	Energy Metabolism	Cytochrome b/F
rpoA	77794	78798	-	Transcription	RNA polymerase
rps11	78882	79289	-	Translation	SSU ribosomal proteins
rpl36	79393	79503	-	Translation	LSU ribosomal proteins
infA	79621	79851	-	Hypothetical or Uncharacterized	Translation factors
rps8	79970	80371	-	Translation	SSU ribosomal proteins
rpl14	80563	80928	-	Translation	LSU ribosomal proteins
rpl16	81052	81450	-	Translation	LSU ribosomal proteins
rps3	82768	83421	-	Translation	SSU ribosomal proteins
rpl22	83409	83861	-	Translation	LSU ribosomal proteins
rps19	83949	84176	-	Translation	SSU ribosomal proteins
rpl2	84283	84714	-	Translation	LSU ribosomal proteins
rpl2	85383	85775	-	Translation	LSU ribosomal proteins
rpl23	85797	86075	-	Translation	LSU ribosomal proteins
trnI-CAU	86241	86314	-	unknown	.
ycf2	86426	93232	-	Conserved Hypothetical Plastid	Conserved proteins
trnL-CAA	93697	93777	-	unknown	.
ndhB	94357	95109	-	Energy Metabolism	NADH oxidoreductase
ndhB	95783	96559	-	Energy Metabolism	NADH oxidoreductase
rps7	96859	97323	-	Translation	SSU ribosomal proteins
rps12_3end	97919	98170	-	unknown	.
rps12	97931	98170	-	Translation	SSU ribosomal proteins
ycf15	99230	99418	-	Conserved Hypothetical Plastid	Conserved proteins
trnV-GAC	100022	100093	-	unknown	.
rrn16	100320	101809	-	unknown	.
trnI-GAU	102103	102145	-	unknown	.
trnI-GAU	102925	102959	-	unknown	.
trnA-UGC	103024	103061	-	unknown	.
orf42	103194	103328	-	Hypothetical or Uncharacterized	.
orf56	103529	103642	-	Hypothetical or Uncharacterized	.
orf56	103627	103686	-	Hypothetical or Uncharacterized	.
trnA-UGC	103881	103915	-	unknown	.
rrn23	104068	106877	-	unknown	.
rrn4.5	106976	107078	-	unknown	.
rrn5	107328	107448	-	unknown	.
trnR-ACG	107687	107760	-	unknown	.
trnN-GUU	108225	108297	-	unknown	.
rps15	114145	114423	-	Translation	SSU ribosomal proteins
ndhH	114510	115688	-	Energy Metabolism	NADH oxidoreductase
orf188	115693	116256	-	Hypothetical or Uncharacterized	.
ndhA	117347	117883	-	Energy Metabolism	NADH oxidoreductase
ndhI	117966	118460	-	Energy Metabolism	NADH oxidoreductase
ndhG	118609	119136	-	Energy Metabolism	NADH oxidoreductase
ndhE	119363	119665	-	Energy Metabolism	NADH oxidoreductase
psaC	119957	120199	-	Photosynthesis	Photosystem I
ndhD	120314	121813	-	Energy Metabolism	NADH oxidoreductase
ccsA	122092	123051	-	Biosynthesis of Cofactors	.
trnL-UAG	123157	123236	-	unknown	.
rpl32	124089	124238	-	Translation	LSU ribosomal proteins
ndhF	125034	127250	-	Energy Metabolism	NADH oxidoreductase
ycf1	127278	127847	-	Conserved Hypothetical Plastid	Conserved proteins
trnN-GUU	128175	128247	-	unknown	.
trnR-ACG	128712	128785	-	unknown	.
rrn5	129024	129144	-	unknown	.
rrn4.5	129394	129496	-	unknown	.
rrn23	129595	132404	-	unknown	.
trnA-UGC	132557	132591	-	unknown	.
orf56	132786	132845	-	Hypothetical or Uncharacterized	.
orf56	132830	132943	-	Hypothetical or Uncharacterized	.
orf42	133144	133278	-	Hypothetical or Uncharacterized	.
trnA-UGC	133411	133448	-	unknown	.
trnI-GAU	133513	133547	-	unknown	.
trnI-GAU	134327	134369	-	unknown	.
rrn16	134662	136151	-	unknown	.
trnV-GAC	136379	136450	-	unknown	.
ycf15	137054	137242	-	Conserved Hypothetical Plastid	Conserved proteins
rps12	138302	138541	-	Translation	SSU ribosomal proteins
rps7	139149	139613	-	Translation	SSU ribosomal proteins
ndhB	139913	140689	-	Energy Metabolism	NADH oxidoreductase
ndhB	141363	142115	-	Energy Metabolism	NADH oxidoreductase
trnL-CAA	142695	142775	-	unknown	.
ycf2	143240	150046	-	Conserved Hypothetical Plastid	Conserved proteins
trnI-CAU	150158	150231	-	unknown	.
rpl23	150397	150675	-	Translation	LSU ribosomal proteins
rpl2	150697	151089	-	Translation	LSU ribosomal proteins
rpl2	151758	152189	-	Translation	LSU ribosomal proteins
